<?xml version="1.0" encoding="UTF-8"?>
<testng-results ignored="0" total="1" passed="1" failed="0" skipped="0">
  <reporter-output>
  </reporter-output>
  <suite started-at="2020-11-30T17:57:17 IST" name="Default suite" finished-at="2020-11-30T17:59:03 IST" duration-ms="106292">
    <groups>
    </groups>
    <test started-at="2020-11-30T17:57:17 IST" name="Default test" finished-at="2020-11-30T17:59:03 IST" duration-ms="106292">
      <class name="testPrograms.Addprogram">
        <test-method signature="methodOne()[pri:0, instance:testPrograms.Addprogram@37271612]" started-at="2020-11-30T17:57:17 IST" name="methodOne" finished-at="2020-11-30T17:59:03 IST" duration-ms="106154" status="PASS">
          <reporter-output>
          </reporter-output>
        </test-method> <!-- methodOne -->
      </class> <!-- testPrograms.Addprogram -->
    </test> <!-- Default test -->
  </suite> <!-- Default suite -->
</testng-results>
